<?xml version="1.0" encoding="UTF-8"?>
<!-- Generated by org.testng.reporters.JUnitReportReporter -->
<testsuite hostname="192-168-1-101.tpgi.com.au" failures="0" tests="2" name="tests.WeatherForecastTest" time="4.559" errors="0" timestamp="2021-03-30T14:12:29 AEDT" skipped="0">
  <testcase classname="tests.WeatherForecastTest" name="findBestSurfingPointByPostCode" time="1.785"/>
  <system-out/>
  <testcase classname="tests.WeatherForecastTest" name="findBestSurfingPointByPostCode" time="2.774"/>
  <system-out/>
</testsuite> <!-- tests.WeatherForecastTest -->
