<?xml version="1.0" encoding="UTF-8"?>
<!-- Generated by org.testng.reporters.JUnitReportReporter -->
<testsuite hostname="192-168-1-101.tpgi.com.au" failures="0" tests="2" name="tests.GetRequest" time="5.058" errors="0" timestamp="2021-03-19T15:15:45 AEDT" skipped="0">
  <testcase classname="tests.GetRequest" name="findBestSurfingPointByPostCode" time="2.403"/>
  <system-out/>
  <testcase classname="tests.GetRequest" name="findBestSurfingPointByPostCode" time="2.655"/>
  <system-out/>
</testsuite> <!-- tests.GetRequest -->
