<?xml version="1.0" encoding="UTF-8"?>
<!-- Generated by org.testng.reporters.JUnitReportReporter -->
<testsuite hostname="192-168-1-101.tpgi.com.au" failures="0" tests="2" name="tests.GetRequest" time="7.728" errors="0" timestamp="2021-03-30T07:30:33 AEDT" skipped="0">
  <testcase classname="tests.GetRequest" name="findBestSurfingPointByPostCode" time="2.509"/>
  <system-out/>
  <testcase classname="tests.GetRequest" name="findBestSurfingPointByPostCode" time="5.219"/>
  <system-out/>
</testsuite> <!-- tests.GetRequest -->
