<?xml version="1.0" encoding="UTF-8"?>
<!-- Generated by org.testng.reporters.JUnitReportReporter -->
<testsuite hostname="192-168-1-101.tpgi.com.au" failures="0" tests="1" name="tests.GetRequest" time="2.369" errors="0" timestamp="2021-03-19T12:46:06 AEDT" skipped="0">
  <testcase classname="tests.GetRequest" name="getParametersValuesFromWeatherForecast" time="2.369"/>
  <system-out/>
</testsuite> <!-- tests.GetRequest -->
